<?xml version="1.0" encoding="UTF-8" ?>
<testsuite name="TuneBookTest" tests="1" failures="0" errors="0" time="1.406">
  <properties>
    <property name="java.vendor" value="Sun Microsystems Inc."></property>
    <property name="OLD_VERSION_DIR" value="D:/Perso/abc4jOld"></property>
    <property name="eclipse.pdebuild.templates" value="/D:/eclipse/plugins/org.eclipse.pde.build_3.2.1.r321_v20060823/templates/"></property>
    <property name="imagesdir" value="./../images"></property>
    <property name="os.name" value="Windows XP"></property>
    <property name="sun.boot.class.path" value="C:\Program Files\Java\j2re1.4.2_05\lib\rt.jar;C:\Program Files\Java\j2re1.4.2_05\lib\i18n.jar;C:\Program Files\Java\j2re1.4.2_05\lib\sunrsasign.jar;C:\Program Files\Java\j2re1.4.2_05\lib\jsse.jar;C:\Program Files\Java\j2re1.4.2_05\lib\jce.jar;C:\Program Files\Java\j2re1.4.2_05\lib\charsets.jar;C:\Program Files\Java\j2re1.4.2_05\classes"></property>
    <property name="sun.java2d.fontpath" value=""></property>
    <property name="java.vm.specification.vendor" value="Sun Microsystems Inc."></property>
    <property name="net.sourceforge.cobertura.datafile" value="D:\Perso\abc4j\log\cobertura.ser"></property>
    <property name="ant.home" value="D:\eclipse\plugins\org.apache.ant_1.6.5"></property>
    <property name="instclassesdir" value="./../instclasses"></property>
    <property name="java.runtime.version" value="1.4.2_05-b04"></property>
    <property name="JDIFF_HOME" value="D:/installs/jdiff"></property>
    <property name="user.name" value="uidd0558"></property>
    <property name="ant.file.abc4j" value="D:\Perso\abc4j\src\build.xml"></property>
    <property name="user.language" value="en"></property>
    <property name="COBERTURA_DIR" value="D:/installs/cobertura-1.8"></property>
    <property name="sun.boot.library.path" value="C:\Program Files\Java\j2re1.4.2_05\bin"></property>
    <property name="srcdir" value="."></property>
    <property name="ant.project.name" value="abc4j"></property>
    <property name="java.version" value="1.4.2_05"></property>
    <property name="user.timezone" value=""></property>
    <property name="logdir.test" value="./../log/test"></property>
    <property name="sun.arch.data.model" value="32"></property>
    <property name="java.endorsed.dirs" value="C:\Program Files\Java\j2re1.4.2_05\lib\endorsed"></property>
    <property name="sun.cpu.isalist" value="pentium i486 i386"></property>
    <property name="file.encoding.pkg" value="sun.io"></property>
    <property name="file.separator" value="\"></property>
    <property name="java.specification.name" value="Java Platform API Specification"></property>
    <property name="java.class.version" value="48.0"></property>
    <property name="user.country" value="US"></property>
    <property name="java.home" value="C:\Program Files\Java\j2re1.4.2_05"></property>
    <property name="java.vm.info" value="mixed mode"></property>
    <property name="ant.file" value="D:\Perso\abc4j\src\build.xml"></property>
    <property name="os.version" value="5.1"></property>
    <property name="testsdir" value="./../test"></property>
    <property name="path.separator" value=";"></property>
    <property name="java.vm.version" value="1.4.2_05-b04"></property>
    <property name="java.util.prefs.PreferencesFactory" value="java.util.prefs.WindowsPreferencesFactory"></property>
    <property name="user.variant" value=""></property>
    <property name="docdir" value="./../docs"></property>
    <property name="ant.library.dir" value="D:\eclipse\plugins\org.apache.ant_1.6.5\lib"></property>
    <property name="java.awt.printerjob" value="sun.awt.windows.WPrinterJob"></property>
    <property name="sun.io.unicode.encoding" value="UnicodeLittle"></property>
    <property name="awt.toolkit" value="sun.awt.windows.WToolkit"></property>
    <property name="eclipse.pdebuild.scripts" value="/D:/eclipse/plugins/org.eclipse.pde.build_3.2.1.r321_v20060823/scripts/"></property>
    <property name="user.home" value="C:\Documents and Settings\uidd0558"></property>
    <property name="java.specification.vendor" value="Sun Microsystems Inc."></property>
    <property name="java.library.path" value="C:\Program Files\Java\j2re1.4.2_05\bin;.;C:\WINDOWS\system32;C:\WINDOWS;C:\Program Files\CatPC\Bin;C:\Program Files\CatPC\Windows\System32;C:\WINDOWS\system32;C:\WINDOWS;C:\WINDOWS\System32\Wbem;C:\Program Files\Rational\common;D:\Program Files\IDM Computer Solutions\UltraEdit-32;C:\Program Files\Java\jdk1.5.0\bin;D:\Program Files\Common Files\GTK\2.0\bin;D:\Program Files\QuickTime\QTSystem\"></property>
    <property name="java.vendor.url" value="http://java.sun.com/"></property>
    <property name="java.vm.vendor" value="Sun Microsystems Inc."></property>
    <property name="java.runtime.name" value="Java(TM) 2 Runtime Environment, Standard Edition"></property>
    <property name="java.class.path" value="D:\Perso\abc4j\instclasses;D:\Perso\abc4j\classes;D:\installs\cobertura-1.8\cobertura.jar;D:\installs\cobertura-1.8\lib\asm-2.2.1.jar;D:\installs\cobertura-1.8\lib\jakarta-oro-2.0.8.jar;D:\installs\cobertura-1.8\lib\log4j-1.2.9.jar;D:\Perso\abc4j\src;C:\Program Files\Java\jre1.5.0\lib\ext\QTJava.zip;D:\eclipse\plugins\org.junit_3.8.1\junit.jar;D:\eclipse\plugins\org.apache.ant_1.6.5\lib\ant-launcher.jar;D:\eclipse\plugins\org.apache.ant_1.6.5\lib\ant.jar;D:\eclipse\plugins\org.apache.ant_1.6.5\lib\ant-junit.jar"></property>
    <property name="ant.version" value="Apache Ant version 1.6.5 compiled on June 2 2005"></property>
    <property name="logdir.cov" value="./../log/cov"></property>
    <property name="java.vm.specification.name" value="Java Virtual Machine Specification"></property>
    <property name="java.vm.specification.version" value="1.0"></property>
    <property name="sun.cpu.endian" value="little"></property>
    <property name="sun.os.patch.level" value="Service Pack 2"></property>
    <property name="eclipse.pdebuild.home" value="/D:/eclipse/plugins/org.eclipse.pde.build_3.2.1.r321_v20060823/./"></property>
    <property name="java.io.tmpdir" value="C:\DOCUME~1\uidd0558\LOCALS~1\Temp\"></property>
    <property name="java.vendor.url.bug" value="http://java.sun.com/cgi-bin/bugreport.cgi"></property>
    <property name="os.arch" value="x86"></property>
    <property name="java.awt.graphicsenv" value="sun.awt.Win32GraphicsEnvironment"></property>
    <property name="java.ext.dirs" value="C:\Program Files\Java\j2re1.4.2_05\lib\ext"></property>
    <property name="user.dir" value="D:\Perso\abc4j\instclasses"></property>
    <property name="logdir" value="./../log"></property>
    <property name="libdir" value="./../lib"></property>
    <property name="line.separator" value="
"></property>
    <property name="java.vm.name" value="Java HotSpot(TM) Client VM"></property>
    <property name="basedir" value="D:\Perso\abc4j\src"></property>
    <property name="ant.java.version" value="1.4"></property>
    <property name="classesdir" value="./../classes"></property>
    <property name="file.encoding" value="Cp1252"></property>
    <property name="java.specification.version" value="1.4"></property>
  </properties>
  <testcase name="test1" classname="TuneBookTest" time="1.391"></testcase>
  <system-out><![CDATA[[4/4, {AccidentalType.NATURAL, AccidentalType.NATURAL, AccidentalType.NATURAL, AccidentalType.NATURAL, AccidentalType.NATURAL, AccidentalType.NATURAL, AccidentalType.NATURAL}, C, @(L:5, C:1; 38)(l=2), D, @(L:5, C:3; 40)(l=2), E, @(L:5, C:5; 42)(l=2), F, @(L:5, C:7; 44)(l=2), |, G, @(L:6, C:1; 48)(l=2), A, @(L:6, C:3; 50)(l=2), B, @(L:6, C:5; 52)(l=2), C @(L:6, C:7; 54)(l=1), |, D @(L:7, C:1; 57)(l=1), E @(L:7, C:2; 58)(l=1), F @(L:7, C:3; 59)(l=1), G @(L:7, C:4; 60)(l=1), |, A @(L:8, C:1; 63)(l=1), B @(L:8, C:2; 64)(l=1), c @(L:8, C:3; 65)(l=1), d @(L:8, C:4; 66)(l=1), |, e @(L:9, C:1; 69)(l=1), f @(L:9, C:2; 70)(l=1), g @(L:9, C:3; 71)(l=1), a @(L:9, C:4; 72)(l=1), |, b @(L:10, C:1; 75)(l=1), c' @(L:10, C:2; 76)(l=2), d' @(L:10, C:4; 78)(l=2), e' @(L:10, C:6; 80)(l=2), |, f' @(L:11, C:1; 84)(l=2), g' @(L:11, C:3; 86)(l=2), a' @(L:11, C:5; 88)(l=2), b' @(L:11, C:7; 90)(l=2), |]
]]></system-out>
  <system-err><![CDATA[]]></system-err>
</testsuite>
